#
# There is insufficient memory for the Java Runtime Environment to continue.
# Native memory allocation (malloc) failed to allocate 1048576 bytes for AllocateHeap
# Possible reasons:
#   The system is out of physical RAM or swap space
#   In 32 bit mode, the process size limit was hit
# Possible solutions:
#   Reduce memory load on the system
#   Increase physical memory or swap space
#   Check if swap backing store is full
#   Use 64 bit Java on a 64 bit OS
#   Decrease Java heap size (-Xmx/-Xms)
#   Decrease number of Java threads
#   Decrease Java thread stack sizes (-Xss)
#   Set larger code cache with -XX:ReservedCodeCacheSize=
# This output file may be truncated or incomplete.
#
#  Out of Memory Error (memory/allocation.inline.hpp:61), pid=30024, tid=0x000000000000685c
#
# JRE version:  (8.0_111-b14) (build )
# Java VM: Java HotSpot(TM) 64-Bit Server VM (25.111-b14 mixed mode windows-amd64 compressed oops)
# Failed to write core dump. Minidumps are not enabled by default on client versions of Windows
#

---------------  T H R E A D  ---------------

Current thread (0x0000000003870800):  JavaThread "Unknown thread" [_thread_in_vm, id=26716, stack(0x0000000003700000,0x0000000003800000)]

Stack: [0x0000000003700000,0x0000000003800000]
[error occurred during error reporting (printing stack bounds), id 0xc0000005]

Native frames: (J=compiled Java code, j=interpreted, Vv=VM code, C=native code)


---------------  P R O C E S S  ---------------

Java Threads: ( => current thread )

Other Threads:

=>0x0000000003870800 (exited) JavaThread "Unknown thread" [_thread_in_vm, id=26716, stack(0x0000000003700000,0x0000000003800000)]

VM state:not at safepoint (normal execution)

VM Mutex/Monitor currently owned by a thread: None

Heap:
 PSYoungGen      total 18944K, used 327K [0x00000000eb400000, 0x00000000ec900000, 0x0000000100000000)
  eden space 16384K, 2% used [0x00000000eb400000,0x00000000eb451ec8,0x00000000ec400000)
  from space 2560K, 0% used [0x00000000ec680000,0x00000000ec680000,0x00000000ec900000)
  to   space 2560K, 0% used [0x00000000ec400000,0x00000000ec400000,0x00000000ec680000)
 ParOldGen       total 44032K, used 0K [0x00000000c1c00000, 0x00000000c4700000, 0x00000000eb400000)
  object space 44032K, 0% used [0x00000000c1c00000,0x00000000c1c00000,0x00000000c4700000)
 Metaspace       used 770K, capacity 4480K, committed 4480K, reserved 1056768K
  class space    used 75K, capacity 384K, committed 384K, reserved 1048576K

Card table byte_map: [0x0000000003d50000,0x0000000003f50000] byte_map_base: 0x0000000003742000

Marking Bits: (ParMarkBitMap*) 0x000000000366a6c0
 Begin Bits: [0x000000000e0f0000, 0x000000000f080000)
 End Bits:   [0x000000000f080000, 0x0000000010010000)

Polling page: 0x0000000003840000

CodeCache: size=245760Kb used=328Kb max_used=328Kb free=245431Kb
 bounds [0x0000000020210000, 0x0000000020480000, 0x000000002f210000]
 total_blobs=58 nmethods=0 adapters=38
 compilation: enabled

Compilation events (0 events):
No events

GC Heap History (0 events):
No events

Deoptimization events (0 events):
No events

Internal exceptions (0 events):
No events

Events (10 events):
Event: 0.050 loading class java/lang/Short
Event: 0.050 loading class java/lang/Short done
Event: 0.050 loading class java/lang/Integer
Event: 0.050 loading class java/lang/Integer done
Event: 0.050 loading class java/lang/Long
Event: 0.050 loading class java/lang/Long done
Event: 0.050 loading class java/lang/NullPointerException
Event: 0.050 loading class java/lang/NullPointerException done
Event: 0.050 loading class java/lang/ArithmeticException
Event: 0.050 loading class java/lang/ArithmeticException done


Dynamic libraries:
0x00007ff730170000 - 0x00007ff7301a7000 	C:\Program Files\Java\jdk1.8.0_111\bin\java.exe
0x00007fff30360000 - 0x00007fff30550000 	C:\WINDOWS\SYSTEM32\ntdll.dll
0x00007fff2fc60000 - 0x00007fff2fd12000 	C:\WINDOWS\System32\KERNEL32.DLL
0x00007fff2e0b0000 - 0x00007fff2e354000 	C:\WINDOWS\System32\KERNELBASE.dll
0x00007fff2fd30000 - 0x00007fff2fdd3000 	C:\WINDOWS\System32\ADVAPI32.dll
0x00007fff2ff10000 - 0x00007fff2ffae000 	C:\WINDOWS\System32\msvcrt.dll
0x00007fff2fbb0000 - 0x00007fff2fc47000 	C:\WINDOWS\System32\sechost.dll
0x00007fff2f040000 - 0x00007fff2f160000 	C:\WINDOWS\System32\RPCRT4.dll
0x00007fff2ee40000 - 0x00007fff2efd5000 	C:\WINDOWS\System32\USER32.dll
0x00007fff2e050000 - 0x00007fff2e071000 	C:\WINDOWS\System32\win32u.dll
0x00007fff30170000 - 0x00007fff30196000 	C:\WINDOWS\System32\GDI32.dll
0x00007fff2dc70000 - 0x00007fff2de06000 	C:\WINDOWS\System32\gdi32full.dll
0x00007fff2dbd0000 - 0x00007fff2dc6e000 	C:\WINDOWS\System32\msvcp_win.dll
0x00007fff2d2e0000 - 0x00007fff2d3da000 	C:\WINDOWS\System32\ucrtbase.dll
0x00007fff0e710000 - 0x00007fff0e994000 	C:\WINDOWS\WinSxS\amd64_microsoft.windows.common-controls_6595b64144ccf1df_6.0.18362.1016_none_9e7a36bbe461dae4\COMCTL32.dll
0x00007fff2f320000 - 0x00007fff2f655000 	C:\WINDOWS\System32\combase.dll
0x00007fff2de30000 - 0x00007fff2deb0000 	C:\WINDOWS\System32\bcryptPrimitives.dll
0x00007fff2e430000 - 0x00007fff2e45e000 	C:\WINDOWS\System32\IMM32.DLL
0x00007fff1ec30000 - 0x00007fff1ee26000 	C:\WINDOWS\system32\tmumh\20019\AddOn\8.53.0.1046\TmUmEvt64.dll
0x00007fff2fc50000 - 0x00007fff2fc58000 	C:\WINDOWS\System32\PSAPI.DLL
0x0000000065070000 - 0x00000000651de000 	C:\WINDOWS\system32\tmumh\20019\TmMon\2.8.0.1045\tmmon64.dll
0x00007fff2f2c0000 - 0x00007fff2f312000 	C:\WINDOWS\System32\Shlwapi.dll
0x0000000002c60000 - 0x0000000002d32000 	C:\Program Files\Java\jdk1.8.0_111\jre\bin\msvcr100.dll
0x0000000002e50000 - 0x00000000036ea000 	C:\Program Files\Java\jdk1.8.0_111\jre\bin\server\jvm.dll
0x0000000002c00000 - 0x0000000002c09000 	C:\WINDOWS\SYSTEM32\WSOCK32.dll
0x0000000002d50000 - 0x0000000002dbf000 	C:\WINDOWS\System32\WS2_32.dll
0x0000000002c10000 - 0x0000000002c34000 	C:\WINDOWS\SYSTEM32\WINMM.dll
0x0000000002c40000 - 0x0000000002c4a000 	C:\WINDOWS\SYSTEM32\VERSION.dll
0x0000000002dc0000 - 0x0000000002ded000 	C:\WINDOWS\SYSTEM32\WINMMBASE.dll
0x0000000002df0000 - 0x0000000002e3a000 	C:\WINDOWS\System32\cfgmgr32.dll
0x0000000003800000 - 0x000000000380f000 	C:\Program Files\Java\jdk1.8.0_111\jre\bin\verify.dll
0x0000000003810000 - 0x0000000003839000 	C:\Program Files\Java\jdk1.8.0_111\jre\bin\java.dll
0x0000000003970000 - 0x0000000003986000 	C:\Program Files\Java\jdk1.8.0_111\jre\bin\zip.dll

VM Arguments:
jvm_args: -Dfile.encoding=UTF-8 
java_command: eventdeco.Main
java_class_path (initial): C:\Users\Wong\Documents\NetBeansProjects\EventDeco\build\classes
Launcher Type: SUN_STANDARD

Environment Variables:
PATH=C:\ProgramData\Oracle\Java\javapath;C:\WINDOWS\system32;C:\WINDOWS;"C:\Program Files\Java\jdk-13\bin";C:\Users\Wong\AppData\Local\Microsoft\WindowsApps;C:\Users\Wong\AppData\Local\atom\bin;C:\Users\Wong\AppData\Local\Microsoft\WindowsApps;;C:\Users\Wong\AppData\Local\Programs\Microsoft VS Code\bin
USERNAME=Wong
OS=Windows_NT
PROCESSOR_IDENTIFIER=Intel64 Family 6 Model 142 Stepping 11, GenuineIntel



---------------  S Y S T E M  ---------------

OS: Windows 10.0 , 64 bit Build 18362 (10.0.18362.959)

CPU:total 8 (4 cores per cpu, 2 threads per core) family 6 model 142 stepping 11, cmov, cx8, fxsr, mmx, sse, sse2, sse3, ssse3, sse4.1, sse4.2, popcnt, avx, avx2, aes, clmul, erms, 3dnowpref, lzcnt, ht, tsc, tscinvbit, bmi1, bmi2, adx

Memory: 4k page, physical 4078900k(308016k free), swap 16661812k(4388k free)

vm_info: Java HotSpot(TM) 64-Bit Server VM (25.111-b14) for windows-amd64 JRE (1.8.0_111-b14), built on Sep 22 2016 19:24:05 by "java_re" with MS VC++ 10.0 (VS2010)

time: Sat Aug 29 18:49:33 2020
elapsed time: 0 seconds (0d 0h 0m 0s)

